[00:46:04] [INFO] --- Starting NeuroStasis Protocol ---
[00:46:04] [INFO] Network Health Monitor: STARTED (Background)
[00:46:04] [INFO] Protocol Initiated: Downloading Dataset with Fault Tolerance...
[00:46:04] [INFO] Initializing download: 'python-3.9.13-amd64.exe'
[IO-BOUND] Downloading... 3.59% | Speed: 0.81 MB/s--- Logging error ---
Traceback (most recent call last):
  File "C:\Users\SRINIVASAN\AppData\Local\Programs\Python\Python314\Lib\site-packages\urllib3\connection.py", line 204, in _new_conn
    sock = connection.create_connection(
        (self._dns_host, self.port),
    ...<2 lines>...
        socket_options=self.socket_options,
    )
  File "C:\Users\SRINIVASAN\AppData\Local\Programs\Python\Python314\Lib\site-packages\urllib3\util\connection.py", line 85, in create_connection
    raise err
  File "C:\Users\SRINIVASAN\AppData\Local\Programs\Python\Python314\Lib\site-packages\urllib3\util\connection.py", line 73, in create_connection
    sock.connect(sa)
    ~~~~~~~~~~~~^^^^
TimeoutError: timed out

The above exception was the direct cause of the following exception:

Traceback (most recent call last):
  File "C:\Users\SRINIVASAN\AppData\Local\Programs\Python\Python314\Lib\site-packages\urllib3\connectionpool.py", line 787, in urlopen
    response = self._make_request(
        conn,
    ...<10 lines>...
        **response_kw,
    )
  File "C:\Users\SRINIVASAN\AppData\Local\Programs\Python\Python314\Lib\site-packages\urllib3\connectionpool.py", line 493, in _make_request
    conn.request(
    ~~~~~~~~~~~~^
        method,
        ^^^^^^^
    ...<6 lines>...
        enforce_content_length=enforce_content_length,
        ^^^^^^^^^^^^^^^^^^^^^^^^^^^^^^^^^^^^^^^^^^^^^^
    )
    ^
  File "C:\Users\SRINIVASAN\AppData\Local\Programs\Python\Python314\Lib\site-packages\urllib3\connection.py", line 500, in request
    self.endheaders()
    ~~~~~~~~~~~~~~~^^
  File "C:\Users\SRINIVASAN\AppData\Local\Programs\Python\Python314\Lib\http\client.py", line 1353, in endheaders
    self._send_output(message_body, encode_chunked=encode_chunked)
    ~~~~~~~~~~~~~~~~~^^^^^^^^^^^^^^^^^^^^^^^^^^^^^^^^^^^^^^^^^^^^^
  File "C:\Users\SRINIVASAN\AppData\Local\Programs\Python\Python314\Lib\http\client.py", line 1113, in _send_output
    self.send(msg)
    ~~~~~~~~~^^^^^
  File "C:\Users\SRINIVASAN\AppData\Local\Programs\Python\Python314\Lib\http\client.py", line 1057, in send
    self.connect()
    ~~~~~~~~~~~~^^
  File "C:\Users\SRINIVASAN\AppData\Local\Programs\Python\Python314\Lib\site-packages\urllib3\connection.py", line 331, in connect
    self.sock = self._new_conn()
                ~~~~~~~~~~~~~~^^
  File "C:\Users\SRINIVASAN\AppData\Local\Programs\Python\Python314\Lib\site-packages\urllib3\connection.py", line 213, in _new_conn
    raise ConnectTimeoutError(
    ...<2 lines>...
    ) from e
urllib3.exceptions.ConnectTimeoutError: (<HTTPConnection(host='clients3.google.com', port=80) at 0x248c114f4d0>, 'Connection to clients3.google.com timed out. (connect timeout=3)')

The above exception was the direct cause of the following exception:

Traceback (most recent call last):
  File "C:\Users\SRINIVASAN\AppData\Local\Programs\Python\Python314\Lib\site-packages\requests\adapters.py", line 644, in send
    resp = conn.urlopen(
        method=request.method,
    ...<9 lines>...
        chunked=chunked,
    )
  File "C:\Users\SRINIVASAN\AppData\Local\Programs\Python\Python314\Lib\site-packages\urllib3\connectionpool.py", line 841, in urlopen
    retries = retries.increment(
        method, url, error=new_e, _pool=self, _stacktrace=sys.exc_info()[2]
    )
  File "C:\Users\SRINIVASAN\AppData\Local\Programs\Python\Python314\Lib\site-packages\urllib3\util\retry.py", line 535, in increment
    raise MaxRetryError(_pool, url, reason) from reason  # type: ignore[arg-type]
    ^^^^^^^^^^^^^^^^^^^^^^^^^^^^^^^^^^^^^^^^^^^^^^^^^^^
urllib3.exceptions.MaxRetryError: HTTPConnectionPool(host='clients3.google.com', port=80): Max retries exceeded with url: /generate_204 (Caused by ConnectTimeoutError(<HTTPConnection(host='clients3.google.com', port=80) at 0x248c114f4d0>, 'Connection to clients3.google.com timed out. (connect timeout=3)'))

During handling of the above exception, another exception occurred:

Traceback (most recent call last):
  File "C:\Users\SRINIVASAN\OneDrive\Desktop\jiosurvivor\src\jiosurvivor_monitor.py", line 30, in _monitor_loop
    requests.head(PING_TARGET, timeout=TIMEOUT)
    ~~~~~~~~~~~~~^^^^^^^^^^^^^^^^^^^^^^^^^^^^^^
  File "C:\Users\SRINIVASAN\AppData\Local\Programs\Python\Python314\Lib\site-packages\requests\api.py", line 100, in head
    return request("head", url, **kwargs)
  File "C:\Users\SRINIVASAN\AppData\Local\Programs\Python\Python314\Lib\site-packages\requests\api.py", line 59, in request
    return session.request(method=method, url=url, **kwargs)
           ~~~~~~~~~~~~~~~^^^^^^^^^^^^^^^^^^^^^^^^^^^^^^^^^^
  File "C:\Users\SRINIVASAN\AppData\Local\Programs\Python\Python314\Lib\site-packages\requests\sessions.py", line 589, in request
    resp = self.send(prep, **send_kwargs)
  File "C:\Users\SRINIVASAN\AppData\Local\Programs\Python\Python314\Lib\site-packages\requests\sessions.py", line 703, in send
    r = adapter.send(request, **kwargs)
  File "C:\Users\SRINIVASAN\AppData\Local\Programs\Python\Python314\Lib\site-packages\requests\adapters.py", line 665, in send
    raise ConnectTimeout(e, request=request)
requests.exceptions.ConnectTimeout: HTTPConnectionPool(host='clients3.google.com', port=80): Max retries exceeded with url: /generate_204 (Caused by ConnectTimeoutError(<HTTPConnection(host='clients3.google.com', port=80) at 0x248c114f4d0>, 'Connection to clients3.google.com timed out. (connect timeout=3)'))

During handling of the above exception, another exception occurred:

Traceback (most recent call last):
  File "C:\Users\SRINIVASAN\AppData\Local\Programs\Python\Python314\Lib\logging\__init__.py", line 1154, in emit
    stream.write(msg + self.terminator)
    ~~~~~~~~~~~~^^^^^^^^^^^^^^^^^^^^^^^
  File "C:\Users\SRINIVASAN\AppData\Local\Programs\Python\Python314\Lib\encodings\cp1252.py", line 19, in encode
    return codecs.charmap_encode(input,self.errors,encoding_table)[0]
           ~~~~~~~~~~~~~~~~~~~~~^^^^^^^^^^^^^^^^^^^^^^^^^^^^^^^^^^
UnicodeEncodeError: 'charmap' codec can't encode character '\u274c' in position 21: character maps to <undefined>
Call stack:
  File "C:\Users\SRINIVASAN\AppData\Local\Programs\Python\Python314\Lib\threading.py", line 1044, in _bootstrap
    self._bootstrap_inner()
  File "C:\Users\SRINIVASAN\AppData\Local\Programs\Python\Python314\Lib\threading.py", line 1082, in _bootstrap_inner
    self._context.run(self.run)
  File "C:\Users\SRINIVASAN\AppData\Local\Programs\Python\Python314\Lib\threading.py", line 1024, in run
    self._target(*self._args, **self._kwargs)
  File "C:\Users\SRINIVASAN\OneDrive\Desktop\jiosurvivor\src\jiosurvivor_monitor.py", line 36, in _monitor_loop
    logger.warning("\u274c Network FAILED. Latency Critical.")
Message: '\u274c Network FAILED. Latency Critical.'
Arguments: ()

[00:46:17] [WARNING] Network Drop Detected. Retrying in 3s...
--- Logging error ---
Traceback (most recent call last):
  File "C:\Users\SRINIVASAN\AppData\Local\Programs\Python\Python314\Lib\logging\__init__.py", line 1154, in emit
    stream.write(msg + self.terminator)
    ~~~~~~~~~~~~^^^^^^^^^^^^^^^^^^^^^^^
  File "C:\Users\SRINIVASAN\AppData\Local\Programs\Python\Python314\Lib\encodings\cp1252.py", line 19, in encode
    return codecs.charmap_encode(input,self.errors,encoding_table)[0]
           ~~~~~~~~~~~~~~~~~~~~~^^^^^^^^^^^^^^^^^^^^^^^^^^^^^^^^^^
UnicodeEncodeError: 'charmap' codec can't encode character '\u2705' in position 18: character maps to <undefined>
Call stack:
  File "C:\Users\SRINIVASAN\AppData\Local\Programs\Python\Python314\Lib\threading.py", line 1044, in _bootstrap
    self._bootstrap_inner()
  File "C:\Users\SRINIVASAN\AppData\Local\Programs\Python\Python314\Lib\threading.py", line 1082, in _bootstrap_inner
    self._context.run(self.run)
  File "C:\Users\SRINIVASAN\AppData\Local\Programs\Python\Python314\Lib\threading.py", line 1024, in run
    self._target(*self._args, **self._kwargs)
  File "C:\Users\SRINIVASAN\OneDrive\Desktop\jiosurvivor\src\jiosurvivor_monitor.py", line 32, in _monitor_loop
    logger.info("\u2705 Network RECOVERED. Signal Stable.")
Message: '\u2705 Network RECOVERED. Signal Stable.'
Arguments: ()
[IO-BOUND] Downloading... 7.17% | Speed: 0.89 MB/s[IO-BOUND] Downloading... 10.76% | Speed: 1.10 MB/s[IO-BOUND] Downloading... 14.35% | Speed: 1.11 MB/s[IO-BOUND] Downloading... 17.93% | Speed: 1.14 MB/s[IO-BOUND] Downloading... 21.52% | Speed: 1.16 MB/s--- Logging error ---
Traceback (most recent call last):
  File "C:\Users\SRINIVASAN\AppData\Local\Programs\Python\Python314\Lib\site-packages\urllib3\connection.py", line 204, in _new_conn
    sock = connection.create_connection(
        (self._dns_host, self.port),
    ...<2 lines>...
        socket_options=self.socket_options,
    )
  File "C:\Users\SRINIVASAN\AppData\Local\Programs\Python\Python314\Lib\site-packages\urllib3\util\connection.py", line 85, in create_connection
    raise err
  File "C:\Users\SRINIVASAN\AppData\Local\Programs\Python\Python314\Lib\site-packages\urllib3\util\connection.py", line 73, in create_connection
    sock.connect(sa)
    ~~~~~~~~~~~~^^^^
TimeoutError: timed out

The above exception was the direct cause of the following exception:

Traceback (most recent call last):
  File "C:\Users\SRINIVASAN\AppData\Local\Programs\Python\Python314\Lib\site-packages\urllib3\connectionpool.py", line 787, in urlopen
    response = self._make_request(
        conn,
    ...<10 lines>...
        **response_kw,
    )
  File "C:\Users\SRINIVASAN\AppData\Local\Programs\Python\Python314\Lib\site-packages\urllib3\connectionpool.py", line 493, in _make_request
    conn.request(
    ~~~~~~~~~~~~^
        method,
        ^^^^^^^
    ...<6 lines>...
        enforce_content_length=enforce_content_length,
        ^^^^^^^^^^^^^^^^^^^^^^^^^^^^^^^^^^^^^^^^^^^^^^
    )
    ^
  File "C:\Users\SRINIVASAN\AppData\Local\Programs\Python\Python314\Lib\site-packages\urllib3\connection.py", line 500, in request
    self.endheaders()
    ~~~~~~~~~~~~~~~^^
  File "C:\Users\SRINIVASAN\AppData\Local\Programs\Python\Python314\Lib\http\client.py", line 1353, in endheaders
    self._send_output(message_body, encode_chunked=encode_chunked)
    ~~~~~~~~~~~~~~~~~^^^^^^^^^^^^^^^^^^^^^^^^^^^^^^^^^^^^^^^^^^^^^
  File "C:\Users\SRINIVASAN\AppData\Local\Programs\Python\Python314\Lib\http\client.py", line 1113, in _send_output
    self.send(msg)
    ~~~~~~~~~^^^^^
  File "C:\Users\SRINIVASAN\AppData\Local\Programs\Python\Python314\Lib\http\client.py", line 1057, in send
    self.connect()
    ~~~~~~~~~~~~^^
  File "C:\Users\SRINIVASAN\AppData\Local\Programs\Python\Python314\Lib\site-packages\urllib3\connection.py", line 331, in connect
    self.sock = self._new_conn()
                ~~~~~~~~~~~~~~^^
  File "C:\Users\SRINIVASAN\AppData\Local\Programs\Python\Python314\Lib\site-packages\urllib3\connection.py", line 213, in _new_conn
    raise ConnectTimeoutError(
    ...<2 lines>...
    ) from e
urllib3.exceptions.ConnectTimeoutError: (<HTTPConnection(host='clients3.google.com', port=80) at 0x248c11f6470>, 'Connection to clients3.google.com timed out. (connect timeout=3)')

The above exception was the direct cause of the following exception:

Traceback (most recent call last):
  File "C:\Users\SRINIVASAN\AppData\Local\Programs\Python\Python314\Lib\site-packages\requests\adapters.py", line 644, in send
    resp = conn.urlopen(
        method=request.method,
    ...<9 lines>...
        chunked=chunked,
    )
  File "C:\Users\SRINIVASAN\AppData\Local\Programs\Python\Python314\Lib\site-packages\urllib3\connectionpool.py", line 841, in urlopen
    retries = retries.increment(
        method, url, error=new_e, _pool=self, _stacktrace=sys.exc_info()[2]
    )
  File "C:\Users\SRINIVASAN\AppData\Local\Programs\Python\Python314\Lib\site-packages\urllib3\util\retry.py", line 535, in increment
    raise MaxRetryError(_pool, url, reason) from reason  # type: ignore[arg-type]
    ^^^^^^^^^^^^^^^^^^^^^^^^^^^^^^^^^^^^^^^^^^^^^^^^^^^
urllib3.exceptions.MaxRetryError: HTTPConnectionPool(host='clients3.google.com', port=80): Max retries exceeded with url: /generate_204 (Caused by ConnectTimeoutError(<HTTPConnection(host='clients3.google.com', port=80) at 0x248c11f6470>, 'Connection to clients3.google.com timed out. (connect timeout=3)'))

During handling of the above exception, another exception occurred:

Traceback (most recent call last):
  File "C:\Users\SRINIVASAN\OneDrive\Desktop\jiosurvivor\src\jiosurvivor_monitor.py", line 30, in _monitor_loop
    requests.head(PING_TARGET, timeout=TIMEOUT)
    ~~~~~~~~~~~~~^^^^^^^^^^^^^^^^^^^^^^^^^^^^^^
  File "C:\Users\SRINIVASAN\AppData\Local\Programs\Python\Python314\Lib\site-packages\requests\api.py", line 100, in head
    return request("head", url, **kwargs)
  File "C:\Users\SRINIVASAN\AppData\Local\Programs\Python\Python314\Lib\site-packages\requests\api.py", line 59, in request
    return session.request(method=method, url=url, **kwargs)
           ~~~~~~~~~~~~~~~^^^^^^^^^^^^^^^^^^^^^^^^^^^^^^^^^^
  File "C:\Users\SRINIVASAN\AppData\Local\Programs\Python\Python314\Lib\site-packages\requests\sessions.py", line 589, in request
    resp = self.send(prep, **send_kwargs)
  File "C:\Users\SRINIVASAN\AppData\Local\Programs\Python\Python314\Lib\site-packages\requests\sessions.py", line 703, in send
    r = adapter.send(request, **kwargs)
  File "C:\Users\SRINIVASAN\AppData\Local\Programs\Python\Python314\Lib\site-packages\requests\adapters.py", line 665, in send
    raise ConnectTimeout(e, request=request)
requests.exceptions.ConnectTimeout: HTTPConnectionPool(host='clients3.google.com', port=80): Max retries exceeded with url: /generate_204 (Caused by ConnectTimeoutError(<HTTPConnection(host='clients3.google.com', port=80) at 0x248c11f6470>, 'Connection to clients3.google.com timed out. (connect timeout=3)'))

During handling of the above exception, another exception occurred:

Traceback (most recent call last):
  File "C:\Users\SRINIVASAN\AppData\Local\Programs\Python\Python314\Lib\logging\__init__.py", line 1154, in emit
    stream.write(msg + self.terminator)
    ~~~~~~~~~~~~^^^^^^^^^^^^^^^^^^^^^^^
  File "C:\Users\SRINIVASAN\AppData\Local\Programs\Python\Python314\Lib\encodings\cp1252.py", line 19, in encode
    return codecs.charmap_encode(input,self.errors,encoding_table)[0]
           ~~~~~~~~~~~~~~~~~~~~~^^^^^^^^^^^^^^^^^^^^^^^^^^^^^^^^^^
UnicodeEncodeError: 'charmap' codec can't encode character '\u274c' in position 21: character maps to <undefined>
Call stack:
  File "C:\Users\SRINIVASAN\AppData\Local\Programs\Python\Python314\Lib\threading.py", line 1044, in _bootstrap
    self._bootstrap_inner()
  File "C:\Users\SRINIVASAN\AppData\Local\Programs\Python\Python314\Lib\threading.py", line 1082, in _bootstrap_inner
    self._context.run(self.run)
  File "C:\Users\SRINIVASAN\AppData\Local\Programs\Python\Python314\Lib\threading.py", line 1024, in run
    self._target(*self._args, **self._kwargs)
  File "C:\Users\SRINIVASAN\OneDrive\Desktop\jiosurvivor\src\jiosurvivor_monitor.py", line 36, in _monitor_loop
    logger.warning("\u274c Network FAILED. Latency Critical.")
Message: '\u274c Network FAILED. Latency Critical.'
Arguments: ()
--- Logging error ---
Traceback (most recent call last):
  File "C:\Users\SRINIVASAN\AppData\Local\Programs\Python\Python314\Lib\logging\__init__.py", line 1154, in emit
    stream.write(msg + self.terminator)
    ~~~~~~~~~~~~^^^^^^^^^^^^^^^^^^^^^^^
  File "C:\Users\SRINIVASAN\AppData\Local\Programs\Python\Python314\Lib\encodings\cp1252.py", line 19, in encode
    return codecs.charmap_encode(input,self.errors,encoding_table)[0]
           ~~~~~~~~~~~~~~~~~~~~~^^^^^^^^^^^^^^^^^^^^^^^^^^^^^^^^^^
UnicodeEncodeError: 'charmap' codec can't encode character '\u2705' in position 18: character maps to <undefined>
Call stack:
  File "C:\Users\SRINIVASAN\AppData\Local\Programs\Python\Python314\Lib\threading.py", line 1044, in _bootstrap
    self._bootstrap_inner()
  File "C:\Users\SRINIVASAN\AppData\Local\Programs\Python\Python314\Lib\threading.py", line 1082, in _bootstrap_inner
    self._context.run(self.run)
  File "C:\Users\SRINIVASAN\AppData\Local\Programs\Python\Python314\Lib\threading.py", line 1024, in run
    self._target(*self._args, **self._kwargs)
  File "C:\Users\SRINIVASAN\OneDrive\Desktop\jiosurvivor\src\jiosurvivor_monitor.py", line 32, in _monitor_loop
    logger.info("\u2705 Network RECOVERED. Signal Stable.")
Message: '\u2705 Network RECOVERED. Signal Stable.'
Arguments: ()
[IO-BOUND] Downloading... 25.11% | Speed: 0.43 MB/s[IO-BOUND] Downloading... 28.69% | Speed: 0.47 MB/s[IO-BOUND] Downloading... 32.28% | Speed: 0.51 MB/s[IO-BOUND] Downloading... 35.87% | Speed: 0.54 MB/s[IO-BOUND] Downloading... 39.45% | Speed: 0.56 MB/s[IO-BOUND] Downloading... 43.04% | Speed: 0.59 MB/s[IO-BOUND] Downloading... 46.63% | Speed: 0.60 MB/s[IO-BOUND] Downloading... 50.21% | Speed: 0.61 MB/s[IO-BOUND] Downloading... 53.80% | Speed: 0.62 MB/s[IO-BOUND] Downloading... 57.39% | Speed: 0.64 MB/s[IO-BOUND] Downloading... 60.97% | Speed: 0.65 MB/s[IO-BOUND] Downloading... 64.56% | Speed: 0.67 MB/s[IO-BOUND] Downloading... 68.15% | Speed: 0.68 MB/s[IO-BOUND] Downloading... 71.73% | Speed: 0.68 MB/s[IO-BOUND] Downloading... 75.32% | Speed: 0.68 MB/s[IO-BOUND] Downloading... 78.91% | Speed: 0.68 MB/s[IO-BOUND] Downloading... 82.49% | Speed: 0.68 MB/s[IO-BOUND] Downloading... 86.08% | Speed: 0.69 MB/s[IO-BOUND] Downloading... 89.67% | Speed: 0.69 MB/s[IO-BOUND] Downloading... 93.25% | Speed: 0.69 MB/s[IO-BOUND] Downloading... 96.84% | Speed: 0.68 MB/s[IO-BOUND] Downloading... 100.00% | Speed: 0.68 MB/s
[00:47:01] [INFO] Download Success.
--- Logging error ---
Traceback (most recent call last):
  File "C:\Users\SRINIVASAN\AppData\Local\Programs\Python\Python314\Lib\logging\__init__.py", line 1154, in emit
    stream.write(msg + self.terminator)
    ~~~~~~~~~~~~^^^^^^^^^^^^^^^^^^^^^^^
  File "C:\Users\SRINIVASAN\AppData\Local\Programs\Python\Python314\Lib\encodings\cp1252.py", line 19, in encode
    return codecs.charmap_encode(input,self.errors,encoding_table)[0]
           ~~~~~~~~~~~~~~~~~~~~~^^^^^^^^^^^^^^^^^^^^^^^^^^^^^^^^^^
UnicodeEncodeError: 'charmap' codec can't encode character '\u2705' in position 18: character maps to <undefined>
Call stack:
  File "C:\Users\SRINIVASAN\OneDrive\Desktop\jiosurvivor\src\train_with_jiosurvivor.py", line 46, in <module>
    main()
  File "C:\Users\SRINIVASAN\OneDrive\Desktop\jiosurvivor\src\train_with_jiosurvivor.py", line 34, in main
    logger.info("\u2705 Data Ingestion Complete. Starting Model Training...")
Message: '\u2705 Data Ingestion Complete. Starting Model Training...'
Arguments: ()
[00:47:02] [INFO] [GPU-BOUND] Training Epoch 1/50... [====      ]
[00:47:02] [INFO] System Shutdown.
